#
# There is insufficient memory for the Java Runtime Environment to continue.
# Native memory allocation (malloc) failed to allocate 1048576 bytes. Error detail: AllocateHeap
# Possible reasons:
#   The system is out of physical RAM or swap space
#   This process is running with CompressedOops enabled, and the Java Heap may be blocking the growth of the native heap
# Possible solutions:
#   Reduce memory load on the system
#   Increase physical memory or swap space
#   Check if swap backing store is full
#   Decrease Java heap size (-Xmx/-Xms)
#   Decrease number of Java threads
#   Decrease Java thread stack sizes (-Xss)
#   Set larger code cache with -XX:ReservedCodeCacheSize=
#   JVM is running with Unscaled Compressed Oops mode in which the Java heap is
#     placed in the first 4GB address space. The Java Heap base address is the
#     maximum limit for the native heap growth. Please use -XX:HeapBaseMinAddress
#     to set the Java Heap base and to place the Java Heap above 4GB virtual address.
# This output file may be truncated or incomplete.
#
#  Out of Memory Error (allocation.cpp:44), pid=12696, tid=21672
#
# JRE version:  (21.0.10+7) (build )
# Java VM: OpenJDK 64-Bit Server VM (21.0.10+7-LTS, mixed mode, tiered, compressed oops, compressed class ptrs, parallel gc, windows-amd64)
# No core dump will be written. Minidumps are not enabled by default on client versions of Windows
#

---------------  S U M M A R Y ------------

Command Line: --add-modules=ALL-SYSTEM --add-opens=java.base/java.util=ALL-UNNAMED --add-opens=java.base/java.lang=ALL-UNNAMED --add-opens=java.base/sun.nio.fs=ALL-UNNAMED -Declipse.application=org.eclipse.jdt.ls.core.id1 -Dosgi.bundles.defaultStartLevel=4 -Declipse.product=org.eclipse.jdt.ls.core.product -Djava.import.generatesMetadataFilesAtProjectRoot=false -DDetectVMInstallationsJob.disabled=true -Dfile.encoding=utf8 -XX:+UseParallelGC -XX:GCTimeRatio=4 -XX:AdaptiveSizePolicyWeight=90 -Dsun.zip.disableMemoryMapping=true -Xmx2G -Xms100m -Xlog:disable -javaagent:c:\Users\laram\.vscode\extensions\redhat.java-1.54.0-win32-x64\lombok\lombok-1.18.39-4050.jar -XX:+HeapDumpOnOutOfMemoryError -XX:HeapDumpPath=c:\Users\laram\AppData\Roaming\Code\User\workspaceStorage\b46e223f351435b53ff02c5469c7f45e\redhat.java -Daether.dependencyCollector.impl=bf c:\Users\laram\.vscode\extensions\redhat.java-1.54.0-win32-x64\server\plugins\org.eclipse.equinox.launcher_1.7.100.v20251111-0406.jar -configuration c:\Users\laram\AppData\Roaming\Code\User\globalStorage\redhat.java\1.54.0\config_win -data c:\Users\laram\AppData\Roaming\Code\User\workspaceStorage\b46e223f351435b53ff02c5469c7f45e\redhat.java\jdt_ws --pipe=\\.\pipe\lsp-d1f3bab9ed59e7944d379fd4aaa0d014-sock

Host: Intel(R) Core(TM) i3-1005G1 CPU @ 1.20GHz, 4 cores, 3G,  Windows 10 , 64 bit Build 19041 (10.0.19041.5915)
Time: Thu May 28 22:00:08 2026 Hora Padrăo de Buenos Aires elapsed time: 0.082400 seconds (0d 0h 0m 0s)

---------------  T H R E A D  ---------------

Current thread (0x000001a62eed36f0):  JavaThread "Unknown thread" [_thread_in_vm, id=21672, stack(0x0000003048b00000,0x0000003048c00000) (1024K)]

Stack: [0x0000003048b00000,0x0000003048c00000]
Native frames: (J=compiled Java code, j=interpreted, Vv=VM code, C=native code)
V  [jvm.dll+0x6d7a39]
V  [jvm.dll+0x8b4b26]
V  [jvm.dll+0x8b70de]
V  [jvm.dll+0x8b77c3]
V  [jvm.dll+0x284346]
V  [jvm.dll+0xc1277]
V  [jvm.dll+0x70bbd0]
V  [jvm.dll+0x70c73c]
V  [jvm.dll+0x6e65d3]
V  [jvm.dll+0x87f17c]
V  [jvm.dll+0x3c49fc]
V  [jvm.dll+0x867e6b]
V  [jvm.dll+0x457b31]
V  [jvm.dll+0x459721]
C  [jli.dll+0x52d0]
C  [ucrtbase.dll+0x21bb2]
C  [KERNEL32.DLL+0x17374]
C  [ntdll.dll+0x4cc91]


---------------  P R O C E S S  ---------------

Threads class SMR info:
_java_thread_list=0x000001a631248ff0, length=1, elements={
0x000001a62eed36f0
}

Java Threads: ( => current thread )
=>0x000001a62eed36f0 JavaThread "Unknown thread"             [_thread_in_vm, id=21672, stack(0x0000003048b00000,0x0000003048c00000) (1024K)]
Total: 1

Other Threads:
  0x000001a631249df0 WatcherThread "VM Periodic Task Thread"        [id=22064, stack(0x0000003048d00000,0x0000003048e00000) (1024K)]
  0x000001a6311fe490 WorkerThread "GC Thread#0"                     [id=9116, stack(0x0000003048c00000,0x0000003048d00000) (1024K)]
Total: 2

Threads with active compile tasks:
Total: 0

VM state: not at safepoint (normal execution)

VM Mutex/Monitor currently owned by a thread: None

Heap address: 0x0000000080000000, size: 2048 MB, Compressed Oops mode: 32-bit

CDS archive(s) not mapped
Compressed class space mapped at: 0x0000000100000000-0x0000000140000000, reserved size: 1073741824
Narrow klass base: 0x0000000000000000, Narrow klass shift: 3, Narrow klass range: 0x140000000

GC Precious Log:
 CardTable entry size: 512
 CPUs: 4 total, 4 available
 Memory: 3862M
 Large Page Support: Disabled
 NUMA Support: Disabled
 Compressed Oops: Enabled (32-bit)
 Alignments: Space 512K, Generation 512K, Heap 2M
 Heap Min Capacity: 100M
 Heap Initial Capacity: 100M
 Heap Max Capacity: 2G
 Pre-touch: Disabled
 Parallel Workers: 4

Heap:
 PSYoungGen      total 29696K, used 512K [0x00000000d5580000, 0x00000000d7680000, 0x0000000100000000)
  eden space 25600K, 2% used [0x00000000d5580000,0x00000000d5600070,0x00000000d6e80000)
  from space 4096K, 0% used [0x00000000d7280000,0x00000000d7280000,0x00000000d7680000)
  to   space 4096K, 0% used [0x00000000d6e80000,0x00000000d6e80000,0x00000000d7280000)
 ParOldGen       total 68608K, used 0K [0x0000000080000000, 0x0000000084300000, 0x00000000d5580000)
  object space 68608K, 0% used [0x0000000080000000,0x0000000080000000,0x0000000084300000)
 Metaspace       used 1381K, committed 1408K, reserved 1114112K
  class space    used 111K, committed 128K, reserved 1048576K

Card table byte_map: [0x000001a630b90000,0x000001a630fa0000] _byte_map_base: 0x000001a630790000

Marking Bits: (ParMarkBitMap*) 0x00007ffbed243450
 Begin Bits: [0x000001a6436a0000, 0x000001a6456a0000)
 End Bits:   [0x000001a6456a0000, 0x000001a6476a0000)

Polling page: 0x000001a62f1c0000

Metaspace:

Usage:
  Non-class:      1.24 MB used.
      Class:    111.10 KB used.
       Both:      1.35 MB used.

Virtual space:
  Non-class space:       64.00 MB reserved,       1.25 MB (  2%) committed,  1 nodes.
      Class space:        1.00 GB reserved,     128.00 KB ( <1%) committed,  1 nodes.
             Both:        1.06 GB reserved,       1.38 MB ( <1%) committed. 

Chunk freelists:
   Non-Class:  12.00 MB
       Class:  15.75 MB
        Both:  27.75 MB

MaxMetaspaceSize: unlimited
CompressedClassSpaceSize: 1.00 GB
Initial GC threshold: 21.00 MB
Current GC threshold: 17179869184.00 GB
CDS: off
 - commit_granule_bytes: 65536.
 - commit_granule_words: 8192.
 - virtual_space_node_default_size: 8388608.
 - enlarge_chunks_in_place: 1.
 - use_allocation_guard: 0.


Internal statistics:

num_allocs_failed_limit: 0.
num_arena_births: 2.
num_arena_deaths: 0.
num_vsnodes_births: 2.
num_vsnodes_deaths: 0.
num_space_committed: 22.
num_space_uncommitted: 0.
num_chunks_returned_to_freelist: 0.
num_chunks_taken_from_freelist: 3.
num_chunk_merges: 0.
num_chunk_splits: 2.
num_chunks_enlarged: 0.
num_inconsistent_stats: 0.

CodeHeap 'non-profiled nmethods': size=120000Kb used=0Kb max_used=0Kb free=120000Kb
 bounds [0x000001a63bec0000, 0x000001a63c130000, 0x000001a6433f0000]
CodeHeap 'profiled nmethods': size=120000Kb used=0Kb max_used=0Kb free=120000Kb
 bounds [0x000001a6343f0000, 0x000001a634660000, 0x000001a63b920000]
CodeHeap 'non-nmethods': size=5760Kb used=199Kb max_used=348Kb free=5560Kb
 bounds [0x000001a63b920000, 0x000001a63bb90000, 0x000001a63bec0000]
CodeCache: size=245760Kb, used=199Kb, max_used=348Kb, free=245560Kb
 total_blobs=70, nmethods=0, adapters=48, full_count=0
Compilation: enabled, stopped_count=0, restarted_count=0

Compilation events (0 events):
No events

GC Heap History (0 events):
No events

Dll operation events (2 events):
Event: 0.012 Loaded shared library c:\Users\laram\.vscode\extensions\redhat.java-1.54.0-win32-x64\jre\21.0.10-win32-x86_64\bin\java.dll
Event: 0.019 Loaded shared library c:\Users\laram\.vscode\extensions\redhat.java-1.54.0-win32-x64\jre\21.0.10-win32-x86_64\bin\zip.dll

Deoptimization events (0 events):
No events

Classes loaded (20 events):
Event: 0.072 Loading class java/util/Iterator
Event: 0.073 Loading class java/util/Iterator done
Event: 0.073 Loading class java/lang/reflect/RecordComponent
Event: 0.073 Loading class java/lang/reflect/RecordComponent done
Event: 0.073 Loading class jdk/internal/vm/vector/VectorSupport
Event: 0.073 Loading class jdk/internal/vm/vector/VectorSupport done
Event: 0.073 Loading class jdk/internal/vm/vector/VectorSupport$VectorPayload
Event: 0.073 Loading class jdk/internal/vm/vector/VectorSupport$VectorPayload done
Event: 0.073 Loading class jdk/internal/vm/vector/VectorSupport$Vector
Event: 0.074 Loading class jdk/internal/vm/vector/VectorSupport$Vector done
Event: 0.074 Loading class jdk/internal/vm/vector/VectorSupport$VectorMask
Event: 0.074 Loading class jdk/internal/vm/vector/VectorSupport$VectorMask done
Event: 0.074 Loading class jdk/internal/vm/vector/VectorSupport$VectorShuffle
Event: 0.074 Loading class jdk/internal/vm/vector/VectorSupport$VectorShuffle done
Event: 0.074 Loading class jdk/internal/vm/FillerObject
Event: 0.074 Loading class jdk/internal/vm/FillerObject done
Event: 0.077 Loading class java/lang/NullPointerException
Event: 0.077 Loading class java/lang/NullPointerException done
Event: 0.077 Loading class java/lang/ArithmeticException
Event: 0.077 Loading class java/lang/ArithmeticException done

Classes unloaded (0 events):
No events

Classes redefined (0 events):
No events

Internal exceptions (0 events):
No events

ZGC Phase Switch (0 events):
No events

VM Operations (0 events):
No events

Memory protections (0 events):
No events

Nmethod flushes (0 events):
No events

Events (1 events):
Event: 0.016 Thread 0x000001a62eed36f0 Thread added: 0x000001a62eed36f0


Dynamic libraries:
0x00007ff674140000 - 0x00007ff67414e000 	c:\Users\laram\.vscode\extensions\redhat.java-1.54.0-win32-x64\jre\21.0.10-win32-x86_64\bin\java.exe
0x00007ffc555f0000 - 0x00007ffc557e8000 	C:\Windows\SYSTEM32\ntdll.dll
0x00007ffc540f0000 - 0x00007ffc541b2000 	C:\Windows\System32\KERNEL32.DLL
0x00007ffc52d00000 - 0x00007ffc52ff6000 	C:\Windows\System32\KERNELBASE.dll
0x00007ffc53000000 - 0x00007ffc53100000 	C:\Windows\System32\ucrtbase.dll
0x00007ffc40970000 - 0x00007ffc40988000 	c:\Users\laram\.vscode\extensions\redhat.java-1.54.0-win32-x64\jre\21.0.10-win32-x86_64\bin\jli.dll
0x00007ffc53ea0000 - 0x00007ffc54041000 	C:\Windows\System32\USER32.dll
0x00007ffc53250000 - 0x00007ffc53272000 	C:\Windows\System32\win32u.dll
0x00007ffc54740000 - 0x00007ffc5476b000 	C:\Windows\System32\GDI32.dll
0x00007ffc53130000 - 0x00007ffc53249000 	C:\Windows\System32\gdi32full.dll
0x00007ffc534e0000 - 0x00007ffc5357d000 	C:\Windows\System32\msvcp_win.dll
0x00007ffc3f530000 - 0x00007ffc3f54e000 	c:\Users\laram\.vscode\extensions\redhat.java-1.54.0-win32-x64\jre\21.0.10-win32-x86_64\bin\VCRUNTIME140.dll
0x00007ffc3f880000 - 0x00007ffc3fb1b000 	C:\Windows\WinSxS\amd64_microsoft.windows.common-controls_6595b64144ccf1df_6.0.19041.6456_none_60b8a6cb71f64256\COMCTL32.dll
0x00007ffc54050000 - 0x00007ffc540ee000 	C:\Windows\System32\msvcrt.dll
0x00007ffc53ba0000 - 0x00007ffc53bcf000 	C:\Windows\System32\IMM32.DLL
0x00007ffc4b380000 - 0x00007ffc4b38c000 	c:\Users\laram\.vscode\extensions\redhat.java-1.54.0-win32-x64\jre\21.0.10-win32-x86_64\bin\vcruntime140_1.dll
0x00007ffc13f90000 - 0x00007ffc1401d000 	c:\Users\laram\.vscode\extensions\redhat.java-1.54.0-win32-x64\jre\21.0.10-win32-x86_64\bin\msvcp140.dll
0x00007ffbec580000 - 0x00007ffbed321000 	c:\Users\laram\.vscode\extensions\redhat.java-1.54.0-win32-x64\jre\21.0.10-win32-x86_64\bin\server\jvm.dll
0x00007ffc54220000 - 0x00007ffc542d1000 	C:\Windows\System32\ADVAPI32.dll
0x00007ffc554b0000 - 0x00007ffc5554f000 	C:\Windows\System32\sechost.dll
0x00007ffc53bd0000 - 0x00007ffc53cf0000 	C:\Windows\System32\RPCRT4.dll
0x00007ffc53100000 - 0x00007ffc53127000 	C:\Windows\System32\bcrypt.dll
0x00007ffc546d0000 - 0x00007ffc5473b000 	C:\Windows\System32\WS2_32.dll
0x00007ffc52ae0000 - 0x00007ffc52b2b000 	C:\Windows\SYSTEM32\POWRPROF.dll
0x00007ffc3de00000 - 0x00007ffc3de27000 	C:\Windows\SYSTEM32\WINMM.dll
0x00007ffc4c040000 - 0x00007ffc4c04a000 	C:\Windows\SYSTEM32\VERSION.dll
0x00007ffc52ac0000 - 0x00007ffc52ad2000 	C:\Windows\SYSTEM32\UMPDC.dll
0x00007ffc514c0000 - 0x00007ffc514d2000 	C:\Windows\SYSTEM32\kernel.appcore.dll
0x00007ffc4a0c0000 - 0x00007ffc4a0ca000 	c:\Users\laram\.vscode\extensions\redhat.java-1.54.0-win32-x64\jre\21.0.10-win32-x86_64\bin\jimage.dll
0x00007ffc509b0000 - 0x00007ffc50bb1000 	C:\Windows\SYSTEM32\DBGHELP.DLL
0x00007ffc2bf30000 - 0x00007ffc2bf64000 	C:\Windows\SYSTEM32\dbgcore.DLL
0x00007ffc53580000 - 0x00007ffc53602000 	C:\Windows\System32\bcryptPrimitives.dll
0x00007ffc4a090000 - 0x00007ffc4a09f000 	c:\Users\laram\.vscode\extensions\redhat.java-1.54.0-win32-x64\jre\21.0.10-win32-x86_64\bin\instrument.dll
0x00007ffc3f510000 - 0x00007ffc3f530000 	c:\Users\laram\.vscode\extensions\redhat.java-1.54.0-win32-x64\jre\21.0.10-win32-x86_64\bin\java.dll
0x00007ffc348a0000 - 0x00007ffc348b8000 	c:\Users\laram\.vscode\extensions\redhat.java-1.54.0-win32-x64\jre\21.0.10-win32-x86_64\bin\zip.dll

JVMTI agents:
c:\Users\laram\.vscode\extensions\redhat.java-1.54.0-win32-x64\lombok\lombok-1.18.39-4050.jar path:none, loaded, not initialized, instrumentlib options:none

dbghelp: loaded successfully - version: 4.0.5 - missing functions: none
symbol engine: initialized successfully - sym options: 0x614 - pdb path: .;c:\Users\laram\.vscode\extensions\redhat.java-1.54.0-win32-x64\jre\21.0.10-win32-x86_64\bin;C:\Windows\SYSTEM32;C:\Windows\WinSxS\amd64_microsoft.windows.common-controls_6595b64144ccf1df_6.0.19041.6456_none_60b8a6cb71f64256;c:\Users\laram\.vscode\extensions\redhat.java-1.54.0-win32-x64\jre\21.0.10-win32-x86_64\bin\server

VM Arguments:
jvm_args: --add-modules=ALL-SYSTEM --add-opens=java.base/java.util=ALL-UNNAMED --add-opens=java.base/java.lang=ALL-UNNAMED --add-opens=java.base/sun.nio.fs=ALL-UNNAMED -Declipse.application=org.eclipse.jdt.ls.core.id1 -Dosgi.bundles.defaultStartLevel=4 -Declipse.product=org.eclipse.jdt.ls.core.product -Djava.import.generatesMetadataFilesAtProjectRoot=false -DDetectVMInstallationsJob.disabled=true -Dfile.encoding=utf8 -XX:+UseParallelGC -XX:GCTimeRatio=4 -XX:AdaptiveSizePolicyWeight=90 -Dsun.zip.disableMemoryMapping=true -Xmx2G -Xms100m -Xlog:disable -javaagent:c:\Users\laram\.vscode\extensions\redhat.java-1.54.0-win32-x64\lombok\lombok-1.18.39-4050.jar -XX:+HeapDumpOnOutOfMemoryError -XX:HeapDumpPath=c:\Users\laram\AppData\Roaming\Code\User\workspaceStorage\b46e223f351435b53ff02c5469c7f45e\redhat.java -Daether.dependencyCollector.impl=bf 
java_command: c:\Users\laram\.vscode\extensions\redhat.java-1.54.0-win32-x64\server\plugins\org.eclipse.equinox.launcher_1.7.100.v20251111-0406.jar -configuration c:\Users\laram\AppData\Roaming\Code\User\globalStorage\redhat.java\1.54.0\config_win -data c:\Users\laram\AppData\Roaming\Code\User\workspaceStorage\b46e223f351435b53ff02c5469c7f45e\redhat.java\jdt_ws --pipe=\\.\pipe\lsp-d1f3bab9ed59e7944d379fd4aaa0d014-sock
java_class_path (initial): c:\Users\laram\.vscode\extensions\redhat.java-1.54.0-win32-x64\server\plugins\org.eclipse.equinox.launcher_1.7.100.v20251111-0406.jar
Launcher Type: SUN_STANDARD

[Global flags]
    uintx AdaptiveSizePolicyWeight                 = 90                                        {product} {command line}
     intx CICompilerCount                          = 3                                         {product} {ergonomic}
    uintx GCTimeRatio                              = 4                                         {product} {command line}
     bool HeapDumpOnOutOfMemoryError               = true                                   {manageable} {command line}
    ccstr HeapDumpPath                             = c:\Users\laram\AppData\Roaming\Code\User\workspaceStorage\b46e223f351435b53ff02c5469c7f45e\redhat.java         {manageable} {command line}
   size_t InitialHeapSize                          = 104857600                                 {product} {command line}
   size_t MaxHeapSize                              = 2147483648                                {product} {command line}
   size_t MaxNewSize                               = 715653120                                 {product} {ergonomic}
   size_t MinHeapDeltaBytes                        = 524288                                    {product} {ergonomic}
   size_t MinHeapSize                              = 104857600                                 {product} {command line}
   size_t NewSize                                  = 34603008                                  {product} {ergonomic}
    uintx NonNMethodCodeHeapSize                   = 5832780                                {pd product} {ergonomic}
    uintx NonProfiledCodeHeapSize                  = 122912730                              {pd product} {ergonomic}
   size_t OldSize                                  = 70254592                                  {product} {ergonomic}
    uintx ProfiledCodeHeapSize                     = 122912730                              {pd product} {ergonomic}
    uintx ReservedCodeCacheSize                    = 251658240                              {pd product} {ergonomic}
     bool SegmentedCodeCache                       = true                                      {product} {ergonomic}
   size_t SoftMaxHeapSize                          = 2147483648                             {manageable} {ergonomic}
     bool UseCompressedOops                        = true                           {product lp64_product} {ergonomic}
     bool UseLargePagesIndividualAllocation        = false                                  {pd product} {ergonomic}
     bool UseParallelGC                            = true                                      {product} {command line}

Logging:
Log output configuration:
 #0: stdout all=off uptime,level,tags foldmultilines=false
 #1: stderr all=off uptime,level,tags foldmultilines=false

Release file:
<release file has not been read>
Environment Variables:
JAVA_HOME=C:\Program Files\Java\jdk-25.0.2
PATH=C:\Program Files\Eclipse Adoptium\jdk-21.0.11.10-hotspot\bin;C:\Program Files\Common Files\Oracle\Java\javapath;C:\Windows\system32;C:\Windows;C:\Windows\System32\Wbem;C:\Windows\System32\WindowsPowerShell\v1.0\;C:\Windows\System32\OpenSSH\;C:\Program Files\dotnet\;C:\Users\laram\AppData\Roaming\Microsoft\Windows\Start Menu\Programs\Python 3.14\Python 3.14 (64-bit).lnk;C:\Users\laram\AppData\Local\Programs\Python\Python314\python.exe;“%JAVA_HOME%\bin”;C:\Program Files\Git\cmd;C:\Users\laram\OneDrive\Documentos\maven\apache-maven-4.0.0-rc-5\bin;C:\Users\laram\AppData\Local\Programs\Python\Launcher\;C:\Users\laram\AppData\Local\Microsoft\WindowsApps;C:\Users\laram\AppData\Local\Programs\Microsoft VS Code\bin
USERNAME=laram
OS=Windows_NT
PROCESSOR_IDENTIFIER=Intel64 Family 6 Model 126 Stepping 5, GenuineIntel
TMP=C:\Users\laram\AppData\Local\Temp
TEMP=C:\Users\laram\AppData\Local\Temp




Periodic native trim disabled

---------------  S Y S T E M  ---------------

OS:
 Windows 10 , 64 bit Build 19041 (10.0.19041.5915)
OS uptime: 21 days 15:19 hours

CPU: total 4 (initial active 4) (2 cores per cpu, 2 threads per core) family 6 model 126 stepping 5 microcode 0xcc, cx8, cmov, fxsr, ht, mmx, 3dnowpref, sse, sse2, sse3, ssse3, sse4.1, sse4.2, popcnt, lzcnt, tsc, tscinvbit, avx, avx2, aes, erms, clmul, bmi1, bmi2, adx, avx512f, avx512dq, avx512cd, avx512bw, avx512vl, sha, fma, vzeroupper, avx512_vpopcntdq, avx512_vpclmulqdq, avx512_vaes, avx512_vnni, clflush, clflushopt, avx512_vbmi2, avx512_vbmi, rdtscp, rdpid, fsrm, gfni, avx512_bitalg, f16c, pku, avx512_ifma
Processor Information for the first 4 processors :
  Max Mhz: 1190, Current Mhz: 1190, Mhz Limit: 1190

Memory: 4k page, system-wide physical 3862M (258M free)
TotalPageFile size 15638M (AvailPageFile size 5M)
current process WorkingSet (physical memory assigned to process): 16M, peak: 16M
current process commit charge ("private bytes"): 188M, peak: 189M

vm_info: OpenJDK 64-Bit Server VM (21.0.10+7-LTS) for windows-amd64 JRE (21.0.10+7-LTS), built on 2026-01-20T00:00:00Z by "admin" with MS VC++ 17.12 (VS2022)

END.
