#
# There is insufficient memory for the Java Runtime Environment to continue.
# Native memory allocation (malloc) failed to allocate 887696 bytes. Error detail: Chunk::new
# Possible reasons:
#   The system is out of physical RAM or swap space
#   This process is running with CompressedOops enabled, and the Java Heap may be blocking the growth of the native heap
# Possible solutions:
#   Reduce memory load on the system
#   Increase physical memory or swap space
#   Check if swap backing store is full
#   Decrease Java heap size (-Xmx/-Xms)
#   Decrease number of Java threads
#   Decrease Java thread stack sizes (-Xss)
#   Set larger code cache with -XX:ReservedCodeCacheSize=
#   JVM is running with Unscaled Compressed Oops mode in which the Java heap is
#     placed in the first 4GB address space. The Java Heap base address is the
#     maximum limit for the native heap growth. Please use -XX:HeapBaseMinAddress
#     to set the Java Heap base and to place the Java Heap above 4GB virtual address.
# This output file may be truncated or incomplete.
#
#  Out of Memory Error (arena.cpp:168), pid=7684, tid=14820
#
# JRE version: OpenJDK Runtime Environment Temurin-21.0.10+7 (21.0.10+7) (build 21.0.10+7-LTS)
# Java VM: OpenJDK 64-Bit Server VM Temurin-21.0.10+7 (21.0.10+7-LTS, mixed mode, sharing, tiered, compressed oops, compressed class ptrs, parallel gc, windows-amd64)
# No core dump will be written. Minidumps are not enabled by default on client versions of Windows
#

---------------  S U M M A R Y ------------

Command Line: --add-modules=ALL-SYSTEM --add-opens=java.base/java.util=ALL-UNNAMED --add-opens=java.base/java.lang=ALL-UNNAMED --add-opens=java.base/sun.nio.fs=ALL-UNNAMED -Declipse.application=org.eclipse.jdt.ls.core.id1 -Dosgi.bundles.defaultStartLevel=4 -Declipse.product=org.eclipse.jdt.ls.core.product -Djava.import.generatesMetadataFilesAtProjectRoot=false -DDetectVMInstallationsJob.disabled=true -Dfile.encoding=utf8 -XX:+UseParallelGC -XX:GCTimeRatio=4 -XX:AdaptiveSizePolicyWeight=90 -Dsun.zip.disableMemoryMapping=true -Xmx2G -Xms100m -Xlog:disable -javaagent:c:\Users\laram\.vscode\extensions\redhat.java-1.54.0-win32-x64\lombok\lombok-1.18.39-4050.jar c:\Users\laram\.vscode\extensions\redhat.java-1.54.0-win32-x64\server\plugins\org.eclipse.equinox.launcher_1.7.100.v20251111-0406.jar -configuration c:\Users\laram\AppData\Roaming\Code\User\globalStorage\redhat.java\1.54.0\config_ss_win -data c:\Users\laram\AppData\Roaming\Code\User\workspaceStorage\b46e223f351435b53ff02c5469c7f45e\redhat.java\ss_ws --pipe=\\.\pipe\lsp-4928d3b5cfb995a87d5d86c57734edc5-sock

Host: Intel(R) Core(TM) i3-1005G1 CPU @ 1.20GHz, 4 cores, 3G,  Windows 10 , 64 bit Build 19041 (10.0.19041.5915)
Time: Thu May 28 21:36:58 2026 Hora Padrăo de Buenos Aires elapsed time: 7.752559 seconds (0d 0h 0m 7s)

---------------  T H R E A D  ---------------

Current thread (0x000001ccfc133350):  JavaThread "C2 CompilerThread0" daemon [_thread_in_native, id=14820, stack(0x000000be74100000,0x000000be74200000) (1024K)]


Current CompileTask:
C2:7752 2608       4       java.lang.invoke.MethodType::makeImpl (109 bytes)

Stack: [0x000000be74100000,0x000000be74200000]
Native frames: (J=compiled Java code, j=interpreted, Vv=VM code, C=native code)
V  [jvm.dll+0x6d7a39]
V  [jvm.dll+0x8b4b26]
V  [jvm.dll+0x8b70de]
V  [jvm.dll+0x8b77c3]
V  [jvm.dll+0x284346]
V  [jvm.dll+0xc66ed]
V  [jvm.dll+0xc6c31]
V  [jvm.dll+0x2fb29e]
V  [jvm.dll+0x5fe884]
V  [jvm.dll+0x255b17]
V  [jvm.dll+0x24e12a]
V  [jvm.dll+0x24ba42]
V  [jvm.dll+0x1cb34e]
V  [jvm.dll+0x25b85d]
V  [jvm.dll+0x259dea]
V  [jvm.dll+0x3f857e]
V  [jvm.dll+0x85f59d]
V  [jvm.dll+0x6d626d]
C  [ucrtbase.dll+0x21bb2]
C  [KERNEL32.DLL+0x17374]
C  [ntdll.dll+0x4cc91]


---------------  P R O C E S S  ---------------

Threads class SMR info:
_java_thread_list=0x000001ccfd7e5f70, length=19, elements={
0x000001cca2432310, 0x000001ccfc1282e0, 0x000001ccfc129ce0, 0x000001ccfc12b960,
0x000001ccfc12c970, 0x000001ccfc12d980, 0x000001ccfc132510, 0x000001ccfc133350,
0x000001ccfc1a67e0, 0x000001ccfce43100, 0x000001ccfcf08770, 0x000001ccfd625740,
0x000001ccfd2d22d0, 0x000001ccfd6c0340, 0x000001ccfd5172e0, 0x000001ccfdb0dc70,
0x000001ccfcdcaff0, 0x000001ccfcdcc450, 0x000001ccfcdccac0
}

Java Threads: ( => current thread )
  0x000001cca2432310 JavaThread "main"                              [_thread_blocked, id=12092, stack(0x000000be73600000,0x000000be73700000) (1024K)]
  0x000001ccfc1282e0 JavaThread "Reference Handler"          daemon [_thread_blocked, id=4264, stack(0x000000be73b00000,0x000000be73c00000) (1024K)]
  0x000001ccfc129ce0 JavaThread "Finalizer"                  daemon [_thread_blocked, id=16964, stack(0x000000be73c00000,0x000000be73d00000) (1024K)]
  0x000001ccfc12b960 JavaThread "Signal Dispatcher"          daemon [_thread_blocked, id=4204, stack(0x000000be73d00000,0x000000be73e00000) (1024K)]
  0x000001ccfc12c970 JavaThread "Attach Listener"            daemon [_thread_blocked, id=5536, stack(0x000000be73e00000,0x000000be73f00000) (1024K)]
  0x000001ccfc12d980 JavaThread "Service Thread"             daemon [_thread_blocked, id=16664, stack(0x000000be73f00000,0x000000be74000000) (1024K)]
  0x000001ccfc132510 JavaThread "Monitor Deflation Thread"   daemon [_thread_blocked, id=10400, stack(0x000000be74000000,0x000000be74100000) (1024K)]
=>0x000001ccfc133350 JavaThread "C2 CompilerThread0"         daemon [_thread_in_native, id=14820, stack(0x000000be74100000,0x000000be74200000) (1024K)]
  0x000001ccfc1a67e0 JavaThread "C1 CompilerThread0"         daemon [_thread_blocked, id=19488, stack(0x000000be74200000,0x000000be74300000) (1024K)]
  0x000001ccfce43100 JavaThread "Common-Cleaner"             daemon [_thread_blocked, id=16800, stack(0x000000be74300000,0x000000be74400000) (1024K)]
  0x000001ccfcf08770 JavaThread "Notification Thread"        daemon [_thread_blocked, id=5920, stack(0x000000be74400000,0x000000be74500000) (1024K)]
  0x000001ccfd625740 JavaThread "Active Thread: Equinox Container: 8fc5a2ca-5e9d-4aca-9aad-eba14e4ab53a"        [_thread_blocked, id=15180, stack(0x000000be74800000,0x000000be74900000) (1024K)]
  0x000001ccfd2d22d0 JavaThread "Framework Event Dispatcher: Equinox Container: 8fc5a2ca-5e9d-4aca-9aad-eba14e4ab53a" daemon [_thread_blocked, id=23388, stack(0x000000be74900000,0x000000be74a00000) (1024K)]
  0x000001ccfd6c0340 JavaThread "Start Level: Equinox Container: 8fc5a2ca-5e9d-4aca-9aad-eba14e4ab53a" daemon [_thread_in_native, id=12476, stack(0x000000be74a00000,0x000000be74b00000) (1024K)]
  0x000001ccfd5172e0 JavaThread "SCR Component Actor"        daemon [_thread_blocked, id=15776, stack(0x000000be74b00000,0x000000be74c00000) (1024K)]
  0x000001ccfdb0dc70 JavaThread "Worker-JM"                         [_thread_blocked, id=9616, stack(0x000000be74c00000,0x000000be74d00000) (1024K)]
  0x000001ccfcdcaff0 JavaThread "JNA Cleaner"                daemon [_thread_blocked, id=6824, stack(0x000000be74d00000,0x000000be74e00000) (1024K)]
  0x000001ccfcdcc450 JavaThread "Worker-0"                          [_thread_blocked, id=3832, stack(0x000000be74e00000,0x000000be74f00000) (1024K)]
  0x000001ccfcdccac0 JavaThread "Worker-1"                          [_thread_blocked, id=3848, stack(0x000000be74f00000,0x000000be75000000) (1024K)]
Total: 19

Other Threads:
  0x000001ccfc10d060 VMThread "VM Thread"                           [id=17312, stack(0x000000be73900000,0x000000be73a00000) (1024K)]
  0x000001cca46c4190 WatcherThread "VM Periodic Task Thread"        [id=688, stack(0x000000be73800000,0x000000be73900000) (1024K)]
  0x000001cca461c950 WorkerThread "GC Thread#0"                     [id=3440, stack(0x000000be73700000,0x000000be73800000) (1024K)]
  0x000001ccfd286610 WorkerThread "GC Thread#1"                     [id=8964, stack(0x000000be74500000,0x000000be74600000) (1024K)]
  0x000001ccfd2869c0 WorkerThread "GC Thread#2"                     [id=20948, stack(0x000000be74600000,0x000000be74700000) (1024K)]
  0x000001ccfd124130 WorkerThread "GC Thread#3"                     [id=14176, stack(0x000000be74700000,0x000000be74800000) (1024K)]
Total: 6

Threads with active compile tasks:
C2 CompilerThread0  7801 2608       4       java.lang.invoke.MethodType::makeImpl (109 bytes)
Total: 1

VM state: not at safepoint (normal execution)

VM Mutex/Monitor currently owned by a thread: None

Heap address: 0x0000000080000000, size: 2048 MB, Compressed Oops mode: 32-bit

CDS archive(s) mapped at: [0x000001ccbb000000-0x000001ccbbba0000-0x000001ccbbba0000), size 12189696, SharedBaseAddress: 0x000001ccbb000000, ArchiveRelocationMode: 1.
Compressed class space mapped at: 0x000001ccbc000000-0x000001ccfc000000, reserved size: 1073741824
Narrow klass base: 0x000001ccbb000000, Narrow klass shift: 0, Narrow klass range: 0x100000000

GC Precious Log:
 CardTable entry size: 512
 CPUs: 4 total, 4 available
 Memory: 3862M
 Large Page Support: Disabled
 NUMA Support: Disabled
 Compressed Oops: Enabled (32-bit)
 Alignments: Space 512K, Generation 512K, Heap 2M
 Heap Min Capacity: 100M
 Heap Initial Capacity: 100M
 Heap Max Capacity: 2G
 Pre-touch: Disabled
 Parallel Workers: 4

Heap:
 PSYoungGen      total 29696K, used 29228K [0x00000000d5580000, 0x00000000d7680000, 0x0000000100000000)
  eden space 25600K, 98% used [0x00000000d5580000,0x00000000d6e0e8f8,0x00000000d6e80000)
  from space 4096K, 99% used [0x00000000d6e80000,0x00000000d727c880,0x00000000d7280000)
  to   space 4096K, 0% used [0x00000000d7280000,0x00000000d7280000,0x00000000d7680000)
 ParOldGen       total 68608K, used 2890K [0x0000000080000000, 0x0000000084300000, 0x00000000d5580000)
  object space 68608K, 4% used [0x0000000080000000,0x00000000802d29a8,0x0000000084300000)
 Metaspace       used 16946K, committed 17600K, reserved 1114112K
  class space    used 1789K, committed 2112K, reserved 1048576K

Card table byte_map: [0x000001cca3fd0000,0x000001cca43e0000] _byte_map_base: 0x000001cca3bd0000

Marking Bits: (ParMarkBitMap*) 0x00007ffbed243450
 Begin Bits: [0x000001ccb6ac0000, 0x000001ccb8ac0000)
 End Bits:   [0x000001ccb8ac0000, 0x000001ccbaac0000)

Polling page: 0x000001cca2610000

Metaspace:

Usage:
  Non-class:     14.80 MB used.
      Class:      1.75 MB used.
       Both:     16.55 MB used.

Virtual space:
  Non-class space:       64.00 MB reserved,      15.12 MB ( 24%) committed,  1 nodes.
      Class space:        1.00 GB reserved,       2.06 MB ( <1%) committed,  1 nodes.
             Both:        1.06 GB reserved,      17.19 MB (  2%) committed. 

Chunk freelists:
   Non-Class:  448.00 KB
       Class:  13.79 MB
        Both:  14.22 MB

MaxMetaspaceSize: unlimited
CompressedClassSpaceSize: 1.00 GB
Initial GC threshold: 21.00 MB
Current GC threshold: 21.00 MB
CDS: on
 - commit_granule_bytes: 65536.
 - commit_granule_words: 8192.
 - virtual_space_node_default_size: 8388608.
 - enlarge_chunks_in_place: 1.
 - use_allocation_guard: 0.


Internal statistics:

num_allocs_failed_limit: 0.
num_arena_births: 504.
num_arena_deaths: 0.
num_vsnodes_births: 2.
num_vsnodes_deaths: 0.
num_space_committed: 275.
num_space_uncommitted: 0.
num_chunks_returned_to_freelist: 0.
num_chunks_taken_from_freelist: 1150.
num_chunk_merges: 0.
num_chunk_splits: 714.
num_chunks_enlarged: 446.
num_inconsistent_stats: 0.

CodeHeap 'non-profiled nmethods': size=120000Kb used=1081Kb max_used=1081Kb free=118918Kb
 bounds [0x000001ccaf2e0000, 0x000001ccaf550000, 0x000001ccb6810000]
CodeHeap 'profiled nmethods': size=120000Kb used=5140Kb max_used=5140Kb free=114859Kb
 bounds [0x000001cca7810000, 0x000001cca7d20000, 0x000001ccaed40000]
CodeHeap 'non-nmethods': size=5760Kb used=1284Kb max_used=1298Kb free=4475Kb
 bounds [0x000001ccaed40000, 0x000001ccaefb0000, 0x000001ccaf2e0000]
CodeCache: size=245760Kb, used=7505Kb, max_used=7519Kb, free=238252Kb
 total_blobs=3184, nmethods=2635, adapters=455, full_count=0
Compilation: enabled, stopped_count=0, restarted_count=0

Compilation events (20 events):
Event: 7.657 Thread 0x000001ccfc1a67e0 2618       3       java.util.regex.Matcher::match (154 bytes)
Event: 7.657 Thread 0x000001ccfc1a67e0 nmethod 2618 0x000001cca7d05e90 code [0x000001cca7d060a0, 0x000001cca7d06628]
Event: 7.682 Thread 0x000001ccfc1a67e0 2620       3       java.lang.ThreadLocal$ThreadLocalMap::nextIndex (15 bytes)
Event: 7.682 Thread 0x000001ccfc1a67e0 nmethod 2620 0x000001cca7d06890 code [0x000001cca7d06a20, 0x000001cca7d06b58]
Event: 7.696 Thread 0x000001ccfc1a67e0 2621       1       org.eclipse.core.internal.dtree.DataTreeNode::hasData (2 bytes)
Event: 7.696 Thread 0x000001ccfc1a67e0 nmethod 2621 0x000001ccaf3edd10 code [0x000001ccaf3edea0, 0x000001ccaf3edf68]
Event: 7.696 Thread 0x000001ccfc1a67e0 2622       1       org.eclipse.core.internal.dtree.DataTreeNode::getData (5 bytes)
Event: 7.697 Thread 0x000001ccfc1a67e0 nmethod 2622 0x000001ccaf3ee010 code [0x000001ccaf3ee1a0, 0x000001ccaf3ee268]
Event: 7.728 Thread 0x000001ccfc1a67e0 2625       3       jdk.internal.org.objectweb.asm.SymbolTable::putBootstrapMethods (56 bytes)
Event: 7.728 Thread 0x000001ccfc1a67e0 nmethod 2625 0x000001cca7d06c10 code [0x000001cca7d06e20, 0x000001cca7d07140]
Event: 7.728 Thread 0x000001ccfc1a67e0 2628       3       java.lang.ref.SoftReference::get (29 bytes)
Event: 7.728 Thread 0x000001ccfc1a67e0 nmethod 2628 0x000001cca7d07310 code [0x000001cca7d074c0, 0x000001cca7d07658]
Event: 7.728 Thread 0x000001ccfc1a67e0 2626       3       java.lang.invoke.MethodHandles$Lookup::getDirectConstructorCommon (69 bytes)
Event: 7.729 Thread 0x000001ccfc1a67e0 nmethod 2626 0x000001cca7d07710 code [0x000001cca7d07920, 0x000001cca7d07e40]
Event: 7.729 Thread 0x000001ccfc1a67e0 2627       3       java.lang.invoke.MemberName::asConstructor (58 bytes)
Event: 7.729 Thread 0x000001ccfc1a67e0 nmethod 2627 0x000001cca7d08090 code [0x000001cca7d082c0, 0x000001cca7d088c8]
Event: 7.729 Thread 0x000001ccfc1a67e0 2629       3       java.lang.Double::parseDouble (5 bytes)
Event: 7.729 Thread 0x000001ccfc1a67e0 nmethod 2629 0x000001cca7d08b10 code [0x000001cca7d08ce0, 0x000001cca7d08f20]
Event: 7.729 Thread 0x000001ccfc1a67e0 2630       3       jdk.internal.math.FloatingDecimal::parseDouble (10 bytes)
Event: 7.730 Thread 0x000001ccfc1a67e0 nmethod 2630 0x000001cca7d09010 code [0x000001cca7d091c0, 0x000001cca7d093a8]

GC Heap History (6 events):
Event: 1.552 GC heap before
{Heap before GC invocations=1 (full 0):
 PSYoungGen      total 29696K, used 25600K [0x00000000d5580000, 0x00000000d7680000, 0x0000000100000000)
  eden space 25600K, 100% used [0x00000000d5580000,0x00000000d6e80000,0x00000000d6e80000)
  from space 4096K, 0% used [0x00000000d7280000,0x00000000d7280000,0x00000000d7680000)
  to   space 4096K, 0% used [0x00000000d6e80000,0x00000000d6e80000,0x00000000d7280000)
 ParOldGen       total 68608K, used 0K [0x0000000080000000, 0x0000000084300000, 0x00000000d5580000)
  object space 68608K, 0% used [0x0000000080000000,0x0000000080000000,0x0000000084300000)
 Metaspace       used 4370K, committed 4608K, reserved 1114112K
  class space    used 474K, committed 576K, reserved 1048576K
}
Event: 1.563 GC heap after
{Heap after GC invocations=1 (full 0):
 PSYoungGen      total 29696K, used 3312K [0x00000000d5580000, 0x00000000d7680000, 0x0000000100000000)
  eden space 25600K, 0% used [0x00000000d5580000,0x00000000d5580000,0x00000000d6e80000)
  from space 4096K, 80% used [0x00000000d6e80000,0x00000000d71bc148,0x00000000d7280000)
  to   space 4096K, 0% used [0x00000000d7280000,0x00000000d7280000,0x00000000d7680000)
 ParOldGen       total 68608K, used 8K [0x0000000080000000, 0x0000000084300000, 0x00000000d5580000)
  object space 68608K, 0% used [0x0000000080000000,0x0000000080002000,0x0000000084300000)
 Metaspace       used 4370K, committed 4608K, reserved 1114112K
  class space    used 474K, committed 576K, reserved 1048576K
}
Event: 4.212 GC heap before
{Heap before GC invocations=2 (full 0):
 PSYoungGen      total 29696K, used 28912K [0x00000000d5580000, 0x00000000d7680000, 0x0000000100000000)
  eden space 25600K, 100% used [0x00000000d5580000,0x00000000d6e80000,0x00000000d6e80000)
  from space 4096K, 80% used [0x00000000d6e80000,0x00000000d71bc148,0x00000000d7280000)
  to   space 4096K, 0% used [0x00000000d7280000,0x00000000d7280000,0x00000000d7680000)
 ParOldGen       total 68608K, used 8K [0x0000000080000000, 0x0000000084300000, 0x00000000d5580000)
  object space 68608K, 0% used [0x0000000080000000,0x0000000080002000,0x0000000084300000)
 Metaspace       used 8151K, committed 8448K, reserved 1114112K
  class space    used 864K, committed 960K, reserved 1048576K
}
Event: 4.219 GC heap after
{Heap after GC invocations=2 (full 0):
 PSYoungGen      total 29696K, used 4086K [0x00000000d5580000, 0x00000000d7680000, 0x0000000100000000)
  eden space 25600K, 0% used [0x00000000d5580000,0x00000000d5580000,0x00000000d6e80000)
  from space 4096K, 99% used [0x00000000d7280000,0x00000000d767d940,0x00000000d7680000)
  to   space 4096K, 0% used [0x00000000d6e80000,0x00000000d6e80000,0x00000000d7280000)
 ParOldGen       total 68608K, used 1134K [0x0000000080000000, 0x0000000084300000, 0x00000000d5580000)
  object space 68608K, 1% used [0x0000000080000000,0x000000008011b840,0x0000000084300000)
 Metaspace       used 8151K, committed 8448K, reserved 1114112K
  class space    used 864K, committed 960K, reserved 1048576K
}
Event: 5.730 GC heap before
{Heap before GC invocations=3 (full 0):
 PSYoungGen      total 29696K, used 29686K [0x00000000d5580000, 0x00000000d7680000, 0x0000000100000000)
  eden space 25600K, 100% used [0x00000000d5580000,0x00000000d6e80000,0x00000000d6e80000)
  from space 4096K, 99% used [0x00000000d7280000,0x00000000d767d940,0x00000000d7680000)
  to   space 4096K, 0% used [0x00000000d6e80000,0x00000000d6e80000,0x00000000d7280000)
 ParOldGen       total 68608K, used 1134K [0x0000000080000000, 0x0000000084300000, 0x00000000d5580000)
  object space 68608K, 1% used [0x0000000080000000,0x000000008011b840,0x0000000084300000)
 Metaspace       used 13031K, committed 13504K, reserved 1114112K
  class space    used 1376K, committed 1600K, reserved 1048576K
}
Event: 5.735 GC heap after
{Heap after GC invocations=3 (full 0):
 PSYoungGen      total 29696K, used 4082K [0x00000000d5580000, 0x00000000d7680000, 0x0000000100000000)
  eden space 25600K, 0% used [0x00000000d5580000,0x00000000d5580000,0x00000000d6e80000)
  from space 4096K, 99% used [0x00000000d6e80000,0x00000000d727c880,0x00000000d7280000)
  to   space 4096K, 0% used [0x00000000d7280000,0x00000000d7280000,0x00000000d7680000)
 ParOldGen       total 68608K, used 2890K [0x0000000080000000, 0x0000000084300000, 0x00000000d5580000)
  object space 68608K, 4% used [0x0000000080000000,0x00000000802d29a8,0x0000000084300000)
 Metaspace       used 13031K, committed 13504K, reserved 1114112K
  class space    used 1376K, committed 1600K, reserved 1048576K
}

Dll operation events (10 events):
Event: 0.027 Loaded shared library c:\Users\laram\.vscode\extensions\redhat.java-1.54.0-win32-x64\jre\21.0.10-win32-x86_64\bin\java.dll
Event: 0.151 Loaded shared library c:\Users\laram\.vscode\extensions\redhat.java-1.54.0-win32-x64\jre\21.0.10-win32-x86_64\bin\zip.dll
Event: 0.202 Loaded shared library C:\Users\laram\.vscode\extensions\redhat.java-1.54.0-win32-x64\jre\21.0.10-win32-x86_64\bin\instrument.dll
Event: 0.213 Loaded shared library C:\Users\laram\.vscode\extensions\redhat.java-1.54.0-win32-x64\jre\21.0.10-win32-x86_64\bin\net.dll
Event: 0.218 Loaded shared library C:\Users\laram\.vscode\extensions\redhat.java-1.54.0-win32-x64\jre\21.0.10-win32-x86_64\bin\nio.dll
Event: 0.225 Loaded shared library C:\Users\laram\.vscode\extensions\redhat.java-1.54.0-win32-x64\jre\21.0.10-win32-x86_64\bin\zip.dll
Event: 0.252 Loaded shared library C:\Users\laram\.vscode\extensions\redhat.java-1.54.0-win32-x64\jre\21.0.10-win32-x86_64\bin\jimage.dll
Event: 0.392 Loaded shared library c:\Users\laram\.vscode\extensions\redhat.java-1.54.0-win32-x64\jre\21.0.10-win32-x86_64\bin\verify.dll
Event: 4.112 Loaded shared library C:\Users\laram\AppData\Roaming\Code\User\globalStorage\redhat.java\1.54.0\config_ss_win\org.eclipse.equinox.launcher\org.eclipse.equinox.launcher.win32.win32.x86_64_1.3.0.v20260203-2149\eclipse_11919.dll
Event: 7.388 Loaded shared library C:\Users\laram\AppData\Local\Temp\jna-102742665\jna15679692840550737013.dll

Deoptimization events (20 events):
Event: 7.533 Thread 0x000001ccfd6c0340 DEOPT PACKING pc=0x000001ccaf3e3d24 sp=0x000000be74af9430
Event: 7.533 Thread 0x000001ccfd6c0340 DEOPT UNPACKING pc=0x000001ccaed96da2 sp=0x000000be74af93c8 mode 2
Event: 7.593 Thread 0x000001ccfd6c0340 Uncommon trap: trap_request=0xffffff45 fr.pc=0x000001ccaf36b7a8 relative=0x0000000000000088
Event: 7.593 Thread 0x000001ccfd6c0340 Uncommon trap: reason=unstable_if action=reinterpret pc=0x000001ccaf36b7a8 method=java.net.URI.match(CJJ)Z @ 32 c2
Event: 7.593 Thread 0x000001ccfd6c0340 DEOPT PACKING pc=0x000001ccaf36b7a8 sp=0x000000be74af9020
Event: 7.593 Thread 0x000001ccfd6c0340 DEOPT UNPACKING pc=0x000001ccaed96da2 sp=0x000000be74af8f80 mode 2
Event: 7.593 Thread 0x000001ccfd6c0340 Uncommon trap: trap_request=0xffffff45 fr.pc=0x000001ccaf39ff70 relative=0x0000000000000810
Event: 7.593 Thread 0x000001ccfd6c0340 Uncommon trap: reason=unstable_if action=reinterpret pc=0x000001ccaf39ff70 method=java.lang.CharacterDataLatin1.toLowerCase(I)I @ 23 c2
Event: 7.593 Thread 0x000001ccfd6c0340 DEOPT PACKING pc=0x000001ccaf39ff70 sp=0x000000be74af92f0
Event: 7.593 Thread 0x000001ccfd6c0340 DEOPT UNPACKING pc=0x000001ccaed96da2 sp=0x000000be74af9220 mode 2
Event: 7.593 Thread 0x000001ccfd6c0340 Uncommon trap: trap_request=0xffffff45 fr.pc=0x000001ccaf3337a0 relative=0x0000000000000080
Event: 7.593 Thread 0x000001ccfd6c0340 Uncommon trap: reason=unstable_if action=reinterpret pc=0x000001ccaf3337a0 method=java.lang.CharacterDataLatin1.toLowerCase(I)I @ 23 c2
Event: 7.593 Thread 0x000001ccfd6c0340 DEOPT PACKING pc=0x000001ccaf3337a0 sp=0x000000be74af9230
Event: 7.593 Thread 0x000001ccfd6c0340 DEOPT UNPACKING pc=0x000001ccaed96da2 sp=0x000000be74af91c0 mode 2
Event: 7.639 Thread 0x000001ccfd6c0340 DEOPT PACKING pc=0x000001cca7cd6fc9 sp=0x000000be74af7110
Event: 7.639 Thread 0x000001ccfd6c0340 DEOPT UNPACKING pc=0x000001ccaed978e2 sp=0x000000be74af6580 mode 0
Event: 7.727 Thread 0x000001ccfd6c0340 Uncommon trap: trap_request=0xffffff45 fr.pc=0x000001ccaf3df1d4 relative=0x0000000000000b94
Event: 7.727 Thread 0x000001ccfd6c0340 Uncommon trap: reason=unstable_if action=reinterpret pc=0x000001ccaf3df1d4 method=jdk.internal.org.objectweb.asm.Frame.execute(IILjdk/internal/org/objectweb/asm/Symbol;Ljdk/internal/org/objectweb/asm/SymbolTable;)V @ 1 c2
Event: 7.727 Thread 0x000001ccfd6c0340 DEOPT PACKING pc=0x000001ccaf3df1d4 sp=0x000000be74af7c50
Event: 7.727 Thread 0x000001ccfd6c0340 DEOPT UNPACKING pc=0x000001ccaed96da2 sp=0x000000be74af7bd8 mode 2

Classes loaded (20 events):
Event: 7.416 Loading class java/lang/Class$AnnotationData
Event: 7.416 Loading class java/lang/Class$AnnotationData done
Event: 7.417 Loading class jdk/internal/reflect/MethodHandleIntegerFieldAccessorImpl
Event: 7.417 Loading class jdk/internal/reflect/MethodHandleIntegerFieldAccessorImpl done
Event: 7.434 Loading class java/io/PrintWriter
Event: 7.434 Loading class java/io/PrintWriter done
Event: 7.442 Loading class jdk/internal/reflect/MethodHandleShortFieldAccessorImpl
Event: 7.442 Loading class jdk/internal/reflect/MethodHandleShortFieldAccessorImpl done
Event: 7.443 Loading class java/lang/Short$ShortCache
Event: 7.443 Loading class java/lang/Short$ShortCache done
Event: 7.524 Loading class java/util/function/LongUnaryOperator
Event: 7.524 Loading class java/util/function/LongUnaryOperator done
Event: 7.524 Loading class java/lang/ThreadDeath
Event: 7.525 Loading class java/lang/ThreadDeath done
Event: 7.551 Loading class java/util/stream/SortedOps$SizedRefSortingSink
Event: 7.552 Loading class java/util/stream/SortedOps$SizedRefSortingSink done
Event: 7.634 Loading class java/util/concurrent/atomic/Striped64$1
Event: 7.634 Loading class java/util/concurrent/atomic/Striped64$1 done
Event: 7.730 Loading class java/util/Collections$UnmodifiableSortedSet
Event: 7.730 Loading class java/util/Collections$UnmodifiableSortedSet done

Classes unloaded (0 events):
No events

Classes redefined (0 events):
No events

Internal exceptions (20 events):
Event: 7.418 Thread 0x000001ccfd6c0340 Exception <a 'java/lang/NoSuchMethodError'{0x00000000d6418c50}: 'void java.lang.invoke.DirectMethodHandle$Holder.invokeSpecial(java.lang.Object, java.lang.Object, java.lang.Object, int)'> (0x00000000d6418c50) 
thrown [s\src\hotspot\share\interpreter\linkResolver.cpp, line 773]
Event: 7.418 Thread 0x000001ccfd6c0340 Exception <a 'java/lang/NoSuchMethodError'{0x00000000d641c5e0}: 'void java.lang.invoke.DelegatingMethodHandle$Holder.reinvoke_L(java.lang.Object, java.lang.Object, int)'> (0x00000000d641c5e0) 
thrown [s\src\hotspot\share\interpreter\linkResolver.cpp, line 773]
Event: 7.419 Thread 0x000001ccfd6c0340 Exception <a 'java/lang/NoSuchMethodError'{0x00000000d64232c8}: 'int java.lang.invoke.Invokers$Holder.invokeExact_MT(java.lang.Object, java.lang.Object, java.lang.Object)'> (0x00000000d64232c8) 
thrown [s\src\hotspot\share\interpreter\linkResolver.cpp, line 773]
Event: 7.459 Thread 0x000001ccfd6c0340 Exception <a 'java/lang/NoSuchMethodError'{0x00000000d6515938}: 'void java.lang.invoke.Invokers$Holder.invokeExact_MT(java.lang.Object, java.lang.Object, int, java.lang.Object)'> (0x00000000d6515938) 
thrown [s\src\hotspot\share\interpreter\linkResolver.cpp, line 773]
Event: 7.519 Thread 0x000001ccfd6c0340 Exception <a 'java/lang/NoSuchMethodError'{0x00000000d662b718}: 'java.lang.Object java.lang.invoke.DirectMethodHandle$Holder.invokeSpecial(java.lang.Object, java.lang.Object, java.lang.Object, long, java.lang.Object)'> (0x00000000d662b718) 
thrown [s\src\hotspot\share\interpreter\linkResolver.cpp, line 773]
Event: 7.522 Thread 0x000001ccfd6c0340 Exception <a 'java/lang/NoSuchMethodError'{0x00000000d6632f60}: 'java.lang.Object java.lang.invoke.DirectMethodHandle$Holder.newInvokeSpecial(java.lang.Object, java.lang.Object, java.lang.Object, long)'> (0x00000000d6632f60) 
thrown [s\src\hotspot\share\interpreter\linkResolver.cpp, line 773]
Event: 7.523 Thread 0x000001ccfd6c0340 Exception <a 'java/lang/NoSuchMethodError'{0x00000000d6637310}: 'java.lang.Object java.lang.invoke.DirectMethodHandle$Holder.invokeSpecial(java.lang.Object, java.lang.Object, java.lang.Object, java.lang.Object, long)'> (0x00000000d6637310) 
thrown [s\src\hotspot\share\interpreter\linkResolver.cpp, line 773]
Event: 7.523 Thread 0x000001ccfd6c0340 Exception <a 'java/lang/NoSuchMethodError'{0x00000000d663af30}: 'java.lang.Object java.lang.invoke.Invokers$Holder.linkToTargetMethod(java.lang.Object, java.lang.Object, long, java.lang.Object)'> (0x00000000d663af30) 
thrown [s\src\hotspot\share\interpreter\linkResolver.cpp, line 773]
Event: 7.542 Thread 0x000001ccfd6c0340 Exception <a 'java/lang/NoSuchMethodError'{0x00000000d66934e0}: 'int java.lang.invoke.DirectMethodHandle$Holder.invokeStaticInit(java.lang.Object, java.lang.Object, java.lang.Object)'> (0x00000000d66934e0) 
thrown [s\src\hotspot\share\interpreter\linkResolver.cpp, line 773]
Event: 7.582 Thread 0x000001ccfd6c0340 Exception <a 'java/lang/IncompatibleClassChangeError'{0x00000000d673cfe8}: Found class java.lang.Object, but interface was expected> (0x00000000d673cfe8) 
thrown [s\src\hotspot\share\interpreter\linkResolver.cpp, line 840]
Event: 7.595 Thread 0x000001ccfd6c0340 Exception <a 'java/lang/NoSuchMethodError'{0x00000000d6751180}: 'java.lang.Object java.lang.invoke.DirectMethodHandle$Holder.invokeSpecial(java.lang.Object, java.lang.Object, java.lang.Object, int, java.lang.Object, java.lang.Object)'> (0x00000000d6751180) 
thrown [s\src\hotspot\share\interpreter\linkResolver.cpp, line 773]
Event: 7.596 Thread 0x000001ccfd6c0340 Exception <a 'java/lang/NoSuchMethodError'{0x00000000d6758c58}: 'java.lang.Object java.lang.invoke.DirectMethodHandle$Holder.newInvokeSpecial(java.lang.Object, java.lang.Object, java.lang.Object, int, java.lang.Object)'> (0x00000000d6758c58) 
thrown [s\src\hotspot\share\interpreter\linkResolver.cpp, line 773]
Event: 7.596 Thread 0x000001ccfd6c0340 Exception <a 'java/lang/NoSuchMethodError'{0x00000000d675cbd8}: 'java.lang.Object java.lang.invoke.DirectMethodHandle$Holder.invokeSpecial(java.lang.Object, java.lang.Object, java.lang.Object, java.lang.Object, int, java.lang.Object)'> (0x00000000d675cbd8) 
thrown [s\src\hotspot\share\interpreter\linkResolver.cpp, line 773]
Event: 7.597 Thread 0x000001ccfd6c0340 Exception <a 'java/lang/NoSuchMethodError'{0x00000000d6760718}: 'java.lang.Object java.lang.invoke.Invokers$Holder.linkToTargetMethod(java.lang.Object, java.lang.Object, int, java.lang.Object, java.lang.Object)'> (0x00000000d6760718) 
thrown [s\src\hotspot\share\interpreter\linkResolver.cpp, line 773]
Event: 7.598 Thread 0x000001ccfcdcc450 Exception <a 'java/lang/NoSuchMethodError'{0x00000000d66bd590}: 'java.lang.Object java.lang.invoke.DirectMethodHandle$Holder.invokeSpecial(java.lang.Object, java.lang.Object, int, java.lang.Object, java.lang.Object)'> (0x00000000d66bd590) 
thrown [s\src\hotspot\share\interpreter\linkResolver.cpp, line 773]
Event: 7.599 Thread 0x000001ccfcdcc450 Exception <a 'java/lang/NoSuchMethodError'{0x00000000d66c42c8}: 'java.lang.Object java.lang.invoke.DirectMethodHandle$Holder.newInvokeSpecial(java.lang.Object, java.lang.Object, int, java.lang.Object)'> (0x00000000d66c42c8) 
thrown [s\src\hotspot\share\interpreter\linkResolver.cpp, line 773]
Event: 7.599 Thread 0x000001ccfcdcc450 Exception <a 'java/lang/NoSuchMethodError'{0x00000000d66c7ba8}: 'java.lang.Object java.lang.invoke.DirectMethodHandle$Holder.invokeSpecial(java.lang.Object, java.lang.Object, java.lang.Object, int, java.lang.Object)'> (0x00000000d66c7ba8) 
thrown [s\src\hotspot\share\interpreter\linkResolver.cpp, line 773]
Event: 7.641 Thread 0x000001ccfd6c0340 Exception <a 'java/lang/NoSuchMethodError'{0x00000000d6885248}: 'void java.lang.invoke.DirectMethodHandle$Holder.invokeSpecial(java.lang.Object, java.lang.Object, java.lang.Object, java.lang.Object, java.lang.Object)'> (0x00000000d6885248) 
thrown [s\src\hotspot\share\interpreter\linkResolver.cpp, line 773]
Event: 7.727 Thread 0x000001ccfd6c0340 Exception <a 'java/lang/NoSuchMethodError'{0x00000000d6ab50a0}: 'double java.lang.invoke.DirectMethodHandle$Holder.invokeStatic(java.lang.Object, java.lang.Object)'> (0x00000000d6ab50a0) 
thrown [s\src\hotspot\share\interpreter\linkResolver.cpp, line 773]
Event: 7.727 Thread 0x000001ccfd6c0340 Exception <a 'java/lang/NoSuchMethodError'{0x00000000d6ab8760}: 'double java.lang.invoke.DirectMethodHandle$Holder.invokeStaticInit(java.lang.Object, java.lang.Object)'> (0x00000000d6ab8760) 
thrown [s\src\hotspot\share\interpreter\linkResolver.cpp, line 773]

ZGC Phase Switch (0 events):
No events

VM Operations (20 events):
Event: 4.212 Executing safepoint VM operation: ParallelGCFailedAllocation (Allocation Failure)
Event: 4.219 Executing safepoint VM operation: ParallelGCFailedAllocation (Allocation Failure) done
Event: 4.742 Executing non-safepoint VM operation: HandshakeAllThreads (Deoptimize)
Event: 4.742 Executing non-safepoint VM operation: HandshakeAllThreads (Deoptimize) done
Event: 5.460 Executing non-safepoint VM operation: HandshakeAllThreads (Deoptimize)
Event: 5.460 Executing non-safepoint VM operation: HandshakeAllThreads (Deoptimize) done
Event: 5.460 Executing safepoint VM operation: Cleanup
Event: 5.460 Executing safepoint VM operation: Cleanup done
Event: 5.730 Executing safepoint VM operation: ParallelGCFailedAllocation (Allocation Failure)
Event: 5.735 Executing safepoint VM operation: ParallelGCFailedAllocation (Allocation Failure) done
Event: 5.857 Executing non-safepoint VM operation: HandshakeAllThreads (Deoptimize)
Event: 5.857 Executing non-safepoint VM operation: HandshakeAllThreads (Deoptimize) done
Event: 5.864 Executing non-safepoint VM operation: HandshakeAllThreads (Deoptimize)
Event: 5.864 Executing non-safepoint VM operation: HandshakeAllThreads (Deoptimize) done
Event: 5.892 Executing non-safepoint VM operation: HandshakeAllThreads (Deoptimize)
Event: 5.892 Executing non-safepoint VM operation: HandshakeAllThreads (Deoptimize) done
Event: 6.906 Executing safepoint VM operation: Cleanup
Event: 6.906 Executing safepoint VM operation: Cleanup done
Event: 7.401 Executing non-safepoint VM operation: HandshakeAllThreads (Deoptimize)
Event: 7.401 Executing non-safepoint VM operation: HandshakeAllThreads (Deoptimize) done

Memory protections (0 events):
No events

Nmethod flushes (0 events):
No events

Events (19 events):
Event: 0.058 Thread 0x000001cca2432310 Thread added: 0x000001cca2432310
Event: 0.084 Thread 0x000001cca2432310 Thread added: 0x000001ccfc1282e0
Event: 0.084 Thread 0x000001cca2432310 Thread added: 0x000001ccfc129ce0
Event: 0.085 Thread 0x000001cca2432310 Thread added: 0x000001ccfc12b960
Event: 0.085 Thread 0x000001cca2432310 Thread added: 0x000001ccfc12c970
Event: 0.085 Thread 0x000001cca2432310 Thread added: 0x000001ccfc12d980
Event: 0.085 Thread 0x000001cca2432310 Thread added: 0x000001ccfc132510
Event: 0.086 Thread 0x000001cca2432310 Thread added: 0x000001ccfc133350
Event: 0.097 Thread 0x000001cca2432310 Thread added: 0x000001ccfc1a67e0
Event: 0.210 Thread 0x000001cca2432310 Thread added: 0x000001ccfce43100
Event: 0.575 Thread 0x000001cca2432310 Thread added: 0x000001ccfcf08770
Event: 3.180 Thread 0x000001cca2432310 Thread added: 0x000001ccfd625740
Event: 3.989 Thread 0x000001cca2432310 Thread added: 0x000001ccfd2d22d0
Event: 4.007 Thread 0x000001cca2432310 Thread added: 0x000001ccfd6c0340
Event: 4.619 Thread 0x000001ccfd6c0340 Thread added: 0x000001ccfd5172e0
Event: 5.525 Thread 0x000001ccfd6c0340 Thread added: 0x000001ccfdb0dc70
Event: 7.431 Thread 0x000001ccfd6c0340 Thread added: 0x000001ccfcdcaff0
Event: 7.527 Thread 0x000001ccfd6c0340 Thread added: 0x000001ccfcdcc450
Event: 7.598 Thread 0x000001ccfd6c0340 Thread added: 0x000001ccfcdccac0


Dynamic libraries:
0x00007ff674140000 - 0x00007ff67414e000 	c:\Users\laram\.vscode\extensions\redhat.java-1.54.0-win32-x64\jre\21.0.10-win32-x86_64\bin\java.exe
0x00007ffc555f0000 - 0x00007ffc557e8000 	C:\Windows\SYSTEM32\ntdll.dll
0x00007ffc540f0000 - 0x00007ffc541b2000 	C:\Windows\System32\KERNEL32.DLL
0x00007ffc52d00000 - 0x00007ffc52ff6000 	C:\Windows\System32\KERNELBASE.dll
0x00007ffc53000000 - 0x00007ffc53100000 	C:\Windows\System32\ucrtbase.dll
0x00007ffc40970000 - 0x00007ffc40988000 	c:\Users\laram\.vscode\extensions\redhat.java-1.54.0-win32-x64\jre\21.0.10-win32-x86_64\bin\jli.dll
0x00007ffc53ea0000 - 0x00007ffc54041000 	C:\Windows\System32\USER32.dll
0x00007ffc53250000 - 0x00007ffc53272000 	C:\Windows\System32\win32u.dll
0x00007ffc54740000 - 0x00007ffc5476b000 	C:\Windows\System32\GDI32.dll
0x00007ffc53130000 - 0x00007ffc53249000 	C:\Windows\System32\gdi32full.dll
0x00007ffc534e0000 - 0x00007ffc5357d000 	C:\Windows\System32\msvcp_win.dll
0x00007ffc3f530000 - 0x00007ffc3f54e000 	c:\Users\laram\.vscode\extensions\redhat.java-1.54.0-win32-x64\jre\21.0.10-win32-x86_64\bin\VCRUNTIME140.dll
0x00007ffc3f880000 - 0x00007ffc3fb1b000 	C:\Windows\WinSxS\amd64_microsoft.windows.common-controls_6595b64144ccf1df_6.0.19041.6456_none_60b8a6cb71f64256\COMCTL32.dll
0x00007ffc54050000 - 0x00007ffc540ee000 	C:\Windows\System32\msvcrt.dll
0x00007ffc53ba0000 - 0x00007ffc53bcf000 	C:\Windows\System32\IMM32.DLL
0x00007ffc4b380000 - 0x00007ffc4b38c000 	c:\Users\laram\.vscode\extensions\redhat.java-1.54.0-win32-x64\jre\21.0.10-win32-x86_64\bin\vcruntime140_1.dll
0x00007ffc13f90000 - 0x00007ffc1401d000 	c:\Users\laram\.vscode\extensions\redhat.java-1.54.0-win32-x64\jre\21.0.10-win32-x86_64\bin\msvcp140.dll
0x00007ffbec580000 - 0x00007ffbed321000 	c:\Users\laram\.vscode\extensions\redhat.java-1.54.0-win32-x64\jre\21.0.10-win32-x86_64\bin\server\jvm.dll
0x00007ffc54220000 - 0x00007ffc542d1000 	C:\Windows\System32\ADVAPI32.dll
0x00007ffc554b0000 - 0x00007ffc5554f000 	C:\Windows\System32\sechost.dll
0x00007ffc53bd0000 - 0x00007ffc53cf0000 	C:\Windows\System32\RPCRT4.dll
0x00007ffc53100000 - 0x00007ffc53127000 	C:\Windows\System32\bcrypt.dll
0x00007ffc546d0000 - 0x00007ffc5473b000 	C:\Windows\System32\WS2_32.dll
0x00007ffc52ae0000 - 0x00007ffc52b2b000 	C:\Windows\SYSTEM32\POWRPROF.dll
0x00007ffc3de00000 - 0x00007ffc3de27000 	C:\Windows\SYSTEM32\WINMM.dll
0x00007ffc4c040000 - 0x00007ffc4c04a000 	C:\Windows\SYSTEM32\VERSION.dll
0x00007ffc52ac0000 - 0x00007ffc52ad2000 	C:\Windows\SYSTEM32\UMPDC.dll
0x00007ffc514c0000 - 0x00007ffc514d2000 	C:\Windows\SYSTEM32\kernel.appcore.dll
0x00007ffc4a0c0000 - 0x00007ffc4a0ca000 	c:\Users\laram\.vscode\extensions\redhat.java-1.54.0-win32-x64\jre\21.0.10-win32-x86_64\bin\jimage.dll
0x00007ffc509b0000 - 0x00007ffc50bb1000 	C:\Windows\SYSTEM32\DBGHELP.DLL
0x00007ffc2bf30000 - 0x00007ffc2bf64000 	C:\Windows\SYSTEM32\dbgcore.DLL
0x00007ffc53580000 - 0x00007ffc53602000 	C:\Windows\System32\bcryptPrimitives.dll
0x00007ffc4a090000 - 0x00007ffc4a09f000 	c:\Users\laram\.vscode\extensions\redhat.java-1.54.0-win32-x64\jre\21.0.10-win32-x86_64\bin\instrument.dll
0x00007ffc3f510000 - 0x00007ffc3f530000 	c:\Users\laram\.vscode\extensions\redhat.java-1.54.0-win32-x64\jre\21.0.10-win32-x86_64\bin\java.dll
0x00007ffc54c00000 - 0x00007ffc55370000 	C:\Windows\System32\SHELL32.dll
0x00007ffc50cd0000 - 0x00007ffc51475000 	C:\Windows\SYSTEM32\windows.storage.dll
0x00007ffc54770000 - 0x00007ffc54ac4000 	C:\Windows\System32\combase.dll
0x00007ffc525d0000 - 0x00007ffc525fb000 	C:\Windows\SYSTEM32\Wldp.dll
0x00007ffc55370000 - 0x00007ffc5543d000 	C:\Windows\System32\OLEAUT32.dll
0x00007ffc54510000 - 0x00007ffc545bd000 	C:\Windows\System32\SHCORE.dll
0x00007ffc55450000 - 0x00007ffc554ab000 	C:\Windows\System32\shlwapi.dll
0x00007ffc52bb0000 - 0x00007ffc52bd4000 	C:\Windows\SYSTEM32\profapi.dll
0x00007ffc348a0000 - 0x00007ffc348b8000 	c:\Users\laram\.vscode\extensions\redhat.java-1.54.0-win32-x64\jre\21.0.10-win32-x86_64\bin\zip.dll
0x00007ffc4a030000 - 0x00007ffc4a040000 	C:\Users\laram\.vscode\extensions\redhat.java-1.54.0-win32-x64\jre\21.0.10-win32-x86_64\bin\net.dll
0x00007ffc4c210000 - 0x00007ffc4c31a000 	C:\Windows\SYSTEM32\WINHTTP.dll
0x00007ffc52330000 - 0x00007ffc5239a000 	C:\Windows\system32\mswsock.dll
0x00007ffc34880000 - 0x00007ffc34896000 	C:\Users\laram\.vscode\extensions\redhat.java-1.54.0-win32-x64\jre\21.0.10-win32-x86_64\bin\nio.dll
0x00007ffc49dd0000 - 0x00007ffc49de0000 	c:\Users\laram\.vscode\extensions\redhat.java-1.54.0-win32-x64\jre\21.0.10-win32-x86_64\bin\verify.dll
0x00007ffc45d80000 - 0x00007ffc45dc5000 	C:\Users\laram\AppData\Roaming\Code\User\globalStorage\redhat.java\1.54.0\config_ss_win\org.eclipse.equinox.launcher\org.eclipse.equinox.launcher.win32.win32.x86_64_1.3.0.v20260203-2149\eclipse_11919.dll
0x00007ffc54ad0000 - 0x00007ffc54bfb000 	C:\Windows\System32\ole32.dll
0x00007ffc52530000 - 0x00007ffc52548000 	C:\Windows\SYSTEM32\CRYPTSP.dll
0x00007ffc51c50000 - 0x00007ffc51c88000 	C:\Windows\system32\rsaenh.dll
0x00007ffc52b70000 - 0x00007ffc52b9e000 	C:\Windows\SYSTEM32\USERENV.dll
0x00007ffc52520000 - 0x00007ffc5252c000 	C:\Windows\SYSTEM32\CRYPTBASE.dll
0x00007ffc52010000 - 0x00007ffc5204b000 	C:\Windows\SYSTEM32\IPHLPAPI.DLL
0x00007ffc54500000 - 0x00007ffc54508000 	C:\Windows\System32\NSI.dll
0x00007ffc45d30000 - 0x00007ffc45d79000 	C:\Users\laram\AppData\Local\Temp\jna-102742665\jna15679692840550737013.dll
0x00007ffc55440000 - 0x00007ffc55448000 	C:\Windows\System32\PSAPI.DLL

JVMTI agents:
c:\Users\laram\.vscode\extensions\redhat.java-1.54.0-win32-x64\lombok\lombok-1.18.39-4050.jar path:c:\Users\laram\.vscode\extensions\redhat.java-1.54.0-win32-x64\jre\21.0.10-win32-x86_64\bin\instrument.dll, loaded, initialized, instrumentlib options:none

dbghelp: loaded successfully - version: 4.0.5 - missing functions: none
symbol engine: initialized successfully - sym options: 0x614 - pdb path: .;c:\Users\laram\.vscode\extensions\redhat.java-1.54.0-win32-x64\jre\21.0.10-win32-x86_64\bin;C:\Windows\SYSTEM32;C:\Windows\WinSxS\amd64_microsoft.windows.common-controls_6595b64144ccf1df_6.0.19041.6456_none_60b8a6cb71f64256;c:\Users\laram\.vscode\extensions\redhat.java-1.54.0-win32-x64\jre\21.0.10-win32-x86_64\bin\server;C:\Users\laram\AppData\Roaming\Code\User\globalStorage\redhat.java\1.54.0\config_ss_win\org.eclipse.equinox.launcher\org.eclipse.equinox.launcher.win32.win32.x86_64_1.3.0.v20260203-2149;C:\Users\laram\AppData\Local\Temp\jna-102742665

VM Arguments:
jvm_args: --add-modules=ALL-SYSTEM --add-opens=java.base/java.util=ALL-UNNAMED --add-opens=java.base/java.lang=ALL-UNNAMED --add-opens=java.base/sun.nio.fs=ALL-UNNAMED -Declipse.application=org.eclipse.jdt.ls.core.id1 -Dosgi.bundles.defaultStartLevel=4 -Declipse.product=org.eclipse.jdt.ls.core.product -Djava.import.generatesMetadataFilesAtProjectRoot=false -DDetectVMInstallationsJob.disabled=true -Dfile.encoding=utf8 -XX:+UseParallelGC -XX:GCTimeRatio=4 -XX:AdaptiveSizePolicyWeight=90 -Dsun.zip.disableMemoryMapping=true -Xmx2G -Xms100m -Xlog:disable -javaagent:c:\Users\laram\.vscode\extensions\redhat.java-1.54.0-win32-x64\lombok\lombok-1.18.39-4050.jar 
java_command: c:\Users\laram\.vscode\extensions\redhat.java-1.54.0-win32-x64\server\plugins\org.eclipse.equinox.launcher_1.7.100.v20251111-0406.jar -configuration c:\Users\laram\AppData\Roaming\Code\User\globalStorage\redhat.java\1.54.0\config_ss_win -data c:\Users\laram\AppData\Roaming\Code\User\workspaceStorage\b46e223f351435b53ff02c5469c7f45e\redhat.java\ss_ws --pipe=\\.\pipe\lsp-4928d3b5cfb995a87d5d86c57734edc5-sock
java_class_path (initial): c:\Users\laram\.vscode\extensions\redhat.java-1.54.0-win32-x64\server\plugins\org.eclipse.equinox.launcher_1.7.100.v20251111-0406.jar
Launcher Type: SUN_STANDARD

[Global flags]
    uintx AdaptiveSizePolicyWeight                 = 90                                        {product} {command line}
     intx CICompilerCount                          = 3                                         {product} {ergonomic}
    uintx GCTimeRatio                              = 4                                         {product} {command line}
   size_t InitialHeapSize                          = 104857600                                 {product} {command line}
   size_t MaxHeapSize                              = 2147483648                                {product} {command line}
   size_t MaxNewSize                               = 715653120                                 {product} {ergonomic}
   size_t MinHeapDeltaBytes                        = 524288                                    {product} {ergonomic}
   size_t MinHeapSize                              = 104857600                                 {product} {command line}
   size_t NewSize                                  = 34603008                                  {product} {ergonomic}
    uintx NonNMethodCodeHeapSize                   = 5832780                                {pd product} {ergonomic}
    uintx NonProfiledCodeHeapSize                  = 122912730                              {pd product} {ergonomic}
   size_t OldSize                                  = 70254592                                  {product} {ergonomic}
    uintx ProfiledCodeHeapSize                     = 122912730                              {pd product} {ergonomic}
    uintx ReservedCodeCacheSize                    = 251658240                              {pd product} {ergonomic}
     bool SegmentedCodeCache                       = true                                      {product} {ergonomic}
   size_t SoftMaxHeapSize                          = 2147483648                             {manageable} {ergonomic}
     bool UseCompressedOops                        = true                           {product lp64_product} {ergonomic}
     bool UseLargePagesIndividualAllocation        = false                                  {pd product} {ergonomic}
     bool UseParallelGC                            = true                                      {product} {command line}

Logging:
Log output configuration:
 #0: stdout all=off uptime,level,tags foldmultilines=false
 #1: stderr all=off uptime,level,tags foldmultilines=false

Release file:
JAVA_VERSION="21.0.10" 
MODULES="java.base java.compiler java.datatransfer java.xml java.prefs java.desktop java.instrument java.logging java.management java.security.sasl java.naming java.rmi java.management.rmi java.net.http java.scripting java.security.jgss java.transaction.xa java.sql java.sql.rowset java.xml.crypto java.se java.smartcardio jdk.accessibility jdk.internal.jvmstat jdk.attach jdk.charsets jdk.internal.opt jdk.zipfs jdk.compiler jdk.crypto.ec jdk.crypto.cryptoki jdk.crypto.mscapi jdk.dynalink jdk.internal.ed jdk.editpad jdk.hotspot.agent jdk.httpserver jdk.internal.le jdk.internal.vm.ci jdk.internal.vm.compiler jdk.internal.vm.compiler.management jdk.jartool jdk.javadoc jdk.jcmd jdk.management jdk.management.agent jdk.jconsole jdk.jdeps jdk.jdwp.agent jdk.jdi jdk.jfr jdk.jshell jdk.jsobject jdk.jstatd jdk.localedata jdk.management.jfr jdk.naming.dns jdk.naming.rmi jdk.net jdk.nio.mapmode jdk.random jdk.sctp jdk.security.auth jdk.security.jgss jdk.unsupported jdk.unsupported.desktop jdk.xml.dom" 

Environment Variables:
JAVA_HOME=C:\Program Files\Java\jdk-25.0.2
PATH=C:\Program Files\Eclipse Adoptium\jdk-21.0.11.10-hotspot\bin;C:\Program Files\Common Files\Oracle\Java\javapath;C:\Windows\system32;C:\Windows;C:\Windows\System32\Wbem;C:\Windows\System32\WindowsPowerShell\v1.0\;C:\Windows\System32\OpenSSH\;C:\Program Files\dotnet\;C:\Users\laram\AppData\Roaming\Microsoft\Windows\Start Menu\Programs\Python 3.14\Python 3.14 (64-bit).lnk;C:\Users\laram\AppData\Local\Programs\Python\Python314\python.exe;“%JAVA_HOME%\bin”;C:\Program Files\Git\cmd;C:\Users\laram\OneDrive\Documentos\maven\apache-maven-4.0.0-rc-5\bin;C:\Users\laram\AppData\Local\Programs\Python\Launcher\;C:\Users\laram\AppData\Local\Microsoft\WindowsApps;C:\Users\laram\AppData\Local\Programs\Microsoft VS Code\bin
USERNAME=laram
OS=Windows_NT
PROCESSOR_IDENTIFIER=Intel64 Family 6 Model 126 Stepping 5, GenuineIntel
TMP=C:\Users\laram\AppData\Local\Temp
TEMP=C:\Users\laram\AppData\Local\Temp




Periodic native trim disabled

---------------  S Y S T E M  ---------------

OS:
 Windows 10 , 64 bit Build 19041 (10.0.19041.5915)
OS uptime: 21 days 14:56 hours

CPU: total 4 (initial active 4) (2 cores per cpu, 2 threads per core) family 6 model 126 stepping 5 microcode 0xcc, cx8, cmov, fxsr, ht, mmx, 3dnowpref, sse, sse2, sse3, ssse3, sse4.1, sse4.2, popcnt, lzcnt, tsc, tscinvbit, avx, avx2, aes, erms, clmul, bmi1, bmi2, adx, avx512f, avx512dq, avx512cd, avx512bw, avx512vl, sha, fma, vzeroupper, avx512_vpopcntdq, avx512_vpclmulqdq, avx512_vaes, avx512_vnni, clflush, clflushopt, avx512_vbmi2, avx512_vbmi, rdtscp, rdpid, fsrm, gfni, avx512_bitalg, f16c, pku, avx512_ifma
Processor Information for the first 4 processors :
  Max Mhz: 1190, Current Mhz: 1190, Mhz Limit: 1190

Memory: 4k page, system-wide physical 3862M (132M free)
TotalPageFile size 15638M (AvailPageFile size 2M)
current process WorkingSet (physical memory assigned to process): 113M, peak: 113M
current process commit charge ("private bytes"): 248M, peak: 248M

vm_info: OpenJDK 64-Bit Server VM (21.0.10+7-LTS) for windows-amd64 JRE (21.0.10+7-LTS), built on 2026-01-20T00:00:00Z by "admin" with MS VC++ 17.12 (VS2022)

END.
